<?xml version="1.0" encoding="UTF-8"?>
<!-- Generated by org.testng.reporters.JUnitReportReporter -->
<testsuite hostname="Mac" failures="0" tests="1" name="educationdomain.Testeducation" time="19.017" errors="0" timestamp="2022-11-04T13:40:32 IST" skipped="0">
  <testcase classname="educationdomain.Testeducation" name="test1" time="19.017"/>
  <system-out/>
</testsuite> <!-- educationdomain.Testeducation -->
