<?xml version="1.0" encoding="UTF-8"?>
<!-- Generated by org.testng.reporters.JUnitReportReporter -->
<testsuite hostname="Mac" failures="0" tests="1" name="Testpackage.Testngclass" time="0.009" errors="0" timestamp="2022-10-01T18:25:13 IST" skipped="0">
  <testcase classname="Testpackage.Testngclass" name="test123" time="0.009"/>
  <system-out/>
</testsuite> <!-- Testpackage.Testngclass -->
